<?xml version="1.0" encoding="UTF-8"?>
<!-- Generated by org.testng.reporters.JUnitReportReporter -->
<testsuite hostname="DESKTOP-7C7MRU1" failures="0" tests="1" name="com.testng.Parameters_Concept" time="0.014" errors="0" timestamp="2022-04-02T04:39:19 IST" skipped="0">
  <testcase classname="com.testng.Parameters_Concept" name="credentials" time="0.014"/>
  <system-out/>
</testsuite> <!-- com.testng.Parameters_Concept -->
