<?xml version="1.0" encoding="UTF-8"?>
<!-- Generated by org.testng.reporters.JUnitReportReporter -->
<testsuite hostname="DESKTOP-7C7MRU1" failures="0" tests="5" name="com.api.responsecode.Api_Adactin" time="9.971" errors="0" timestamp="2022-04-06T18:17:58 IST" skipped="0">
  <testcase classname="com.api.responsecode.Api_Adactin" name="search_hotel" time="5.590"/>
  <system-out/>
  <testcase classname="com.api.responsecode.Api_Adactin" name="select_hotel" time="1.488"/>
  <system-out/>
  <testcase classname="com.api.responsecode.Api_Adactin" name="book_hotel" time="1.107"/>
  <system-out/>
  <testcase classname="com.api.responsecode.Api_Adactin" name="booking_conformation" time="1.015"/>
  <system-out/>
  <testcase classname="com.api.responsecode.Api_Adactin" name="logout" time="0.771"/>
  <system-out/>
</testsuite> <!-- com.api.responsecode.Api_Adactin -->
