<?xml version="1.0" encoding="UTF-8"?>
<!-- Generated by org.testng.reporters.JUnitReportReporter -->
<testsuite hostname="DESKTOP-7C7MRU1" failures="0" tests="4" name="com.testng.Ignore_Concept" time="0.017" errors="0" timestamp="2022-04-01T06:25:25 IST" skipped="1">
  <testcase classname="com.testng.Ignore_Concept" name="spotify" time="0.013"/>
  <system-out/>
  <testcase classname="com.testng.Ignore_Concept" name="wynkMusic" time="0.002"/>
  <system-out/>
  <testcase classname="com.testng.Ignore_Concept" name="instagram" time="0.002"/>
  <system-out/>
  <testcase classname="com.testng.Ignore_Concept" name="books">
    <skipped/>
  </testcase> <!-- books -->
  <system-out/>
</testsuite> <!-- com.testng.Ignore_Concept -->
