<?xml version="1.0" encoding="UTF-8"?>
<!-- Generated by org.testng.reporters.JUnitReportReporter -->
<testsuite hostname="DESKTOP-7C7MRU1" failures="0" tests="1" name="com.testng.Optional_Concept" time="0.014" errors="0" timestamp="2022-04-02T04:51:23 IST" skipped="0">
  <testcase classname="com.testng.Optional_Concept" name="data" time="0.014"/>
  <system-out/>
</testsuite> <!-- com.testng.Optional_Concept -->
