<?xml version="1.0" encoding="UTF-8"?>
<!-- Generated by org.testng.reporters.JUnitReportReporter -->
<testsuite hostname="DESKTOP-7C7MRU1" failures="0" tests="2" name="com.testng.Parallel_Testing" time="0.034" errors="0" timestamp="2022-04-07T07:49:36 IST" skipped="0">
  <testcase classname="com.testng.Parallel_Testing" name="Browser_launch" time="0.017"/>
  <system-out/>
  <testcase classname="com.testng.Parallel_Testing" name="url" time="0.017"/>
  <system-out/>
</testsuite> <!-- com.testng.Parallel_Testing -->
