<?xml version="1.0" encoding="UTF-8"?>
<!-- Generated by org.testng.reporters.JUnitReportReporter -->
<testsuite hostname="DESKTOP-7C7MRU1" failures="0" tests="3" name="com.testng.Priority_Concept" time="0.018" errors="0" timestamp="2022-04-01T06:30:24 IST" skipped="0">
  <testcase classname="com.testng.Priority_Concept" name="url" time="0.014"/>
  <system-out/>
  <testcase classname="com.testng.Priority_Concept" name="username" time="0.002"/>
  <system-out/>
  <testcase classname="com.testng.Priority_Concept" name="password" time="0.002"/>
  <system-out/>
</testsuite> <!-- com.testng.Priority_Concept -->
