<?xml version="1.0" encoding="UTF-8"?>
<!-- Generated by org.testng.reporters.JUnitReportReporter -->
<testsuite hostname="DESKTOP-7C7MRU1" failures="0" tests="1" name="com.testng.Timeouts_Concept" time="19.515" errors="0" timestamp="2022-04-01T16:51:46 IST" skipped="0">
  <testcase classname="com.testng.Timeouts_Concept" name="browser_launch" time="19.515"/>
  <system-out/>
</testsuite> <!-- com.testng.Timeouts_Concept -->
