<?xml version="1.0" encoding="UTF-8"?>
<!-- Generated by org.testng.reporters.JUnitReportReporter -->
<testsuite hostname="DESKTOP-7C7MRU1" failures="0" tests="2" name="com.testng.DAta_Provider1" time="0.014" errors="0" timestamp="2022-04-07T07:09:53 IST" skipped="0">
  <testcase classname="com.testng.DAta_Provider1" name="credential" time="0.011"/>
  <system-out/>
  <testcase classname="com.testng.DAta_Provider1" name="credential" time="0.003"/>
  <system-out/>
</testsuite> <!-- com.testng.DAta_Provider1 -->
