<?xml version="1.0" encoding="UTF-8"?>
<!-- Generated by org.testng.reporters.JUnitReportReporter -->
<testsuite hostname="DESKTOP-7C7MRU1" failures="0" tests="6" name="com.testng.Invocation_Count" time="0.032" errors="0" timestamp="2022-03-29T16:27:10 IST" skipped="0">
  <testcase classname="com.testng.Invocation_Count" name="browser_launch" time="0.017"/>
  <system-out/>
  <testcase classname="com.testng.Invocation_Count" name="launch_url" time="0.003"/>
  <system-out/>
  <testcase classname="com.testng.Invocation_Count" name="refresh" time="0.003"/>
  <system-out/>
  <testcase classname="com.testng.Invocation_Count" name="refresh" time="0.003"/>
  <system-out/>
  <testcase classname="com.testng.Invocation_Count" name="refresh" time="0.002"/>
  <system-out/>
  <testcase classname="com.testng.Invocation_Count" name="credentials" time="0.004"/>
  <system-out/>
</testsuite> <!-- com.testng.Invocation_Count -->
