<?xml version="1.0" encoding="UTF-8"?>
<!-- Generated by org.testng.reporters.JUnitReportReporter -->
<testsuite hostname="DESKTOP-7C7MRU1" failures="0" tests="4" name="com.testng.Grouping_Concepts" time="0.023" errors="0" timestamp="2022-03-29T16:09:29 IST" skipped="0">
  <testcase classname="com.testng.Grouping_Concepts" name="spotify" time="0.015"/>
  <system-out/>
  <testcase classname="com.testng.Grouping_Concepts" name="wynkmusic" time="0.003"/>
  <system-out/>
  <testcase classname="com.testng.Grouping_Concepts" name="whatsapp" time="0.003"/>
  <system-out/>
  <testcase classname="com.testng.Grouping_Concepts" name="instagram" time="0.002"/>
  <system-out/>
</testsuite> <!-- com.testng.Grouping_Concepts -->
