<?xml version="1.0" encoding="UTF-8"?>
<!-- Generated by org.testng.reporters.JUnitReportReporter -->
<testsuite hostname="DESKTOP-7C7MRU1" failures="0" tests="2" name="com.testng.Simple_Annotation" time="0.012" errors="0" timestamp="2022-03-28T17:12:12 IST" skipped="0">
  <testcase classname="com.testng.Simple_Annotation" name="child" time="0.008"/>
  <system-out/>
  <testcase classname="com.testng.Simple_Annotation" name="women" time="0.004"/>
  <system-out/>
</testsuite> <!-- com.testng.Simple_Annotation -->
