<?xml version="1.0" encoding="UTF-8"?>
<!-- Generated by org.testng.reporters.JUnitReportReporter -->
<testsuite hostname="DESKTOP-7C7MRU1" failures="0" tests="3" name="com.test_demo.Testng_Automation_Runner" time="138.654" errors="0" timestamp="2022-04-02T08:01:04 IST" skipped="0">
  <testcase classname="com.test_demo.Testng_Automation_Runner" name="dress" time="50.114"/>
  <system-out/>
  <testcase classname="com.test_demo.Testng_Automation_Runner" name="women" time="49.540"/>
  <system-out/>
  <testcase classname="com.test_demo.Testng_Automation_Runner" name="tshirt" time="39.000"/>
  <system-out/>
</testsuite> <!-- com.test_demo.Testng_Automation_Runner -->
