<?xml version="1.0" encoding="UTF-8"?>
<!-- Generated by org.testng.reporters.JUnitReportReporter -->
<testsuite hostname="DESKTOP-7C7MRU1" failures="0" tests="3" name="com.testng.Dependency_Concept" time="0.021" errors="0" timestamp="2022-04-01T16:55:48 IST" skipped="0">
  <testcase classname="com.testng.Dependency_Concept" name="parent" time="0.015"/>
  <system-out/>
  <testcase classname="com.testng.Dependency_Concept" name="friends" time="0.003"/>
  <system-out/>
  <testcase classname="com.testng.Dependency_Concept" name="child" time="0.003"/>
  <system-out/>
</testsuite> <!-- com.testng.Dependency_Concept -->
